TN:
SF:src/AdvancedUserStorage.sol
DA:28,46
FN:28,AdvancedUserStorage.store
FNDA:46,AdvancedUserStorage.store
DA:43,32
DA:55,32
DA:58,32
DA:62,32
DA:65,32
DA:70,6
FN:70,AdvancedUserStorage.updateMyFullName
FNDA:6,AdvancedUserStorage.updateMyFullName
DA:76,6
BRDA:76,0,0,2
DA:79,4
DA:80,2
BRDA:80,1,0,2
DA:83,2
DA:86,2
DA:91,8
FN:91,AdvancedUserStorage.updateMyAge
FNDA:8,AdvancedUserStorage.updateMyAge
DA:97,8
BRDA:97,2,0,2
DA:100,6
BRDA:100,3,0,2
DA:103,4
DA:104,2
BRDA:104,4,0,2
DA:107,2
DA:110,2
DA:115,6
FN:115,AdvancedUserStorage.updateMyGender
FNDA:6,AdvancedUserStorage.updateMyGender
DA:121,6
DA:122,2
BRDA:122,5,0,2
DA:125,4
DA:126,2
BRDA:126,6,0,2
DA:129,2
DA:132,2
DA:137,6
FN:137,AdvancedUserStorage.updateMyEmail
FNDA:6,AdvancedUserStorage.updateMyEmail
DA:143,6
DA:144,2
BRDA:144,7,0,2
DA:146,4
DA:147,2
BRDA:147,8,0,2
DA:150,2
DA:153,2
DA:158,6
FN:158,AdvancedUserStorage.updateMySkill
FNDA:6,AdvancedUserStorage.updateMySkill
DA:164,6
DA:165,2
BRDA:165,9,0,2
DA:168,4
DA:169,2
BRDA:169,10,0,2
DA:172,2
DA:175,2
DA:179,6
FN:179,AdvancedUserStorage.deleteMyData
FNDA:6,AdvancedUserStorage.deleteMyData
DA:182,4
DA:185,4
DA:192,6
FN:192,AdvancedUserStorage.getMyData
FNDA:6,AdvancedUserStorage.getMyData
DA:193,6
DA:198,2
FN:198,AdvancedUserStorage.getMySkill
FNDA:2,AdvancedUserStorage.getMySkill
DA:199,2
DA:204,6
FN:204,AdvancedUserStorage.getMyGender
FNDA:6,AdvancedUserStorage.getMyGender
DA:207,6
DA:210,4
DA:213,2
DA:218,4
FN:218,AdvancedUserStorage.checkMyRegistrationStatus
FNDA:4,AdvancedUserStorage.checkMyRegistrationStatus
DA:219,4
DA:224,6
FN:224,AdvancedUserStorage.getTotalRegisteredUsers
FNDA:6,AdvancedUserStorage.getTotalRegisteredUsers
DA:225,6
DA:230,6
FN:230,AdvancedUserStorage.getOwner
FNDA:6,AdvancedUserStorage.getOwner
DA:231,6
DA:238,6
FN:238,AdvancedUserStorage.deleteUserData
FNDA:6,AdvancedUserStorage.deleteUserData
DA:244,4
DA:247,4
DA:253,2
FN:253,AdvancedUserStorage.checkIfRegistered
FNDA:2,AdvancedUserStorage.checkIfRegistered
DA:254,2
DA:260,4
FN:260,AdvancedUserStorage.getUserData
FNDA:4,AdvancedUserStorage.getUserData
DA:263,2
DA:268,8
FN:268,AdvancedUserStorage.getRegisteredUserAddresses
FNDA:8,AdvancedUserStorage.getRegisteredUserAddresses
DA:274,6
DA:277,6
BRDA:277,13,0,2
DA:279,2
DA:283,4
DA:286,4
BRDA:286,14,0,2
DA:289,4
DA:292,4
DA:295,4
DA:300,2
FNF:17
FNH:17
LF:74
LH:74
BRF:13
BRH:13
end_of_record
TN:
SF:src/Utils.sol
DA:162,140
FN:162,Utils.constructor
FNDA:140,Utils.constructor
DA:163,140
DA:166,140
DA:172,14
FN:172,Utils.onlyOwner
FNDA:14,Utils.onlyOwner
DA:173,14
BRDA:173,0,0,3
DA:178,51
FN:178,Utils.isActive
FNDA:51,Utils.isActive
DA:179,51
BRDA:179,1,0,1
DA:189,46
FN:189,Utils.validateUser
FNDA:46,Utils.validateUser
DA:197,46
BRDA:197,2,0,2
DA:200,44
BRDA:200,3,0,2
DA:203,42
BRDA:203,4,0,2
DA:206,40
BRDA:206,5,0,2
DA:209,38
BRDA:209,6,0,2
DA:212,36
BRDA:212,7,0,2
DA:218,6
FN:218,Utils.mustBeRegistered
FNDA:6,Utils.mustBeRegistered
DA:220,6
BRDA:220,8,0,-
DA:225,6
FN:225,Utils.userMustBeRegistered
FNDA:6,Utils.userMustBeRegistered
DA:228,6
BRDA:228,9,0,2
DA:233,34
FN:233,Utils.mustNotBeRegistered
FNDA:34,Utils.mustNotBeRegistered
DA:235,2
BRDA:235,10,0,2
DA:242,8
FN:242,Utils._deleteUser
FNDA:8,Utils._deleteUser
DA:245,8
DA:248,8
DA:251,8
DA:254,8
DA:257,8
DA:260,8
DA:263,8
DA:266,8
DA:270,8
DA:278,4
FN:278,Utils.isContractActive
FNDA:4,Utils.isContractActive
DA:281,4
DA:287,3
FN:287,Utils.activateContract
FNDA:3,Utils.activateContract
DA:290,2
BRDA:290,11,0,1
DA:293,1
DA:296,1
DA:300,6
FN:300,Utils.deactivateContract
FNDA:6,Utils.deactivateContract
DA:303,5
BRDA:303,12,0,1
DA:306,4
DA:309,4
DA:315,6
FN:315,Utils.withdrawETH
FNDA:6,Utils.withdrawETH
DA:318,4
DA:321,4
BRDA:321,13,0,1
DA:324,3
BRDA:324,14,0,1
DA:327,2
DA:330,2
BRDA:330,15,0,1
DA:332,1
DA:336,1
DA:342,2
FN:342,Utils.receive
FNDA:2,Utils.receive
DA:345,2
DA:349,1
FN:349,Utils.fallback
FNDA:1,Utils.fallback
DA:352,1
FNF:14
FNH:14
LF:52
LH:52
BRF:16
BRH:15
end_of_record
TN:
SF:test/RejectETH.t.sol
DA:14,1
FN:14,RejectETH.receive
FNDA:1,RejectETH.receive
DA:15,1
FNF:1
FNH:1
LF:2
LH:2
BRF:0
BRH:0
end_of_record
