TN:
SF:src/ModularVoterVault.sol
DA:31,91
FN:31,ModularVoterVault.constructor
FNDA:91,ModularVoterVault.constructor
DA:33,91
BRDA:33,0,0,3
DA:34,3
DA:38,88
DA:41,88
DA:44,85
DA:47,85
DA:54,79
FN:54,ModularVoterVault.registerMyData
FNDA:79,ModularVoterVault.registerMyData
DA:56,79
DA:61,6
FN:61,ModularVoterVault.updateMyData
FNDA:6,ModularVoterVault.updateMyData
DA:63,4
DA:67,6
FN:67,ModularVoterVault.unregisterMyData
FNDA:6,ModularVoterVault.unregisterMyData
DA:69,4
DA:74,4
FN:74,ModularVoterVault.voteOnMany
FNDA:4,ModularVoterVault.voteOnMany
DA:76,4
DA:79,4
DA:80,8
DA:84,8
DA:91,8
FN:91,ModularVoterVault.revokeMyVote
FNDA:8,ModularVoterVault.revokeMyVote
DA:93,6
BRDA:93,1,0,6
DA:94,6
DA:98,6
DA:103,2
FN:103,ModularVoterVault.revokeOnMany
FNDA:2,ModularVoterVault.revokeOnMany
DA:105,2
DA:108,2
DA:109,4
DA:113,4
DA:121,27
FN:121,ModularVoterVault.voteOnProposal
FNDA:27,ModularVoterVault.voteOnProposal
DA:123,33
BRDA:123,2,0,33
DA:124,33
DA:128,33
DA:132,33
DA:136,33
DA:139,28
DA:145,4
FN:145,ModularVoterVault.myData
FNDA:4,ModularVoterVault.myData
DA:146,4
DA:152,2
FN:152,ModularVoterVault.voterId
FNDA:2,ModularVoterVault.voterId
DA:153,2
DA:159,2
FN:159,ModularVoterVault.proposalData
FNDA:2,ModularVoterVault.proposalData
DA:160,2
DA:166,10
FN:166,ModularVoterVault.voterRegistrationStatus
FNDA:10,ModularVoterVault.voterRegistrationStatus
DA:167,10
DA:173,2
FN:173,ModularVoterVault.voterRegistrationTimestamp
FNDA:2,ModularVoterVault.voterRegistrationTimestamp
DA:174,2
DA:181,20
FN:181,ModularVoterVault.voterStatus
FNDA:20,ModularVoterVault.voterStatus
DA:182,20
DA:187,3
FN:187,ModularVoterVault.contractTokenBalance
FNDA:3,ModularVoterVault.contractTokenBalance
DA:188,3
DA:195,4
FN:195,ModularVoterVault.assignAdmin
FNDA:4,ModularVoterVault.assignAdmin
DA:197,3
BRDA:197,3,0,3
DA:198,3
DA:202,2
DA:205,2
DA:208,2
DA:214,1
FN:214,ModularVoterVault.withdrawToken
FNDA:1,ModularVoterVault.withdrawToken
DA:216,1
DA:219,1
DA:225,31
FN:225,ModularVoterVault.createProposal
FNDA:31,ModularVoterVault.createProposal
DA:227,31
DA:232,2
FN:232,ModularVoterVault.deleteProposal
FNDA:2,ModularVoterVault.deleteProposal
DA:234,2
DA:241,1
FN:241,ModularVoterVault.voterData
FNDA:1,ModularVoterVault.voterData
DA:242,1
DA:249,5
FN:249,ModularVoterVault.registeredVoters
FNDA:5,ModularVoterVault.registeredVoters
DA:256,5
DA:264,6
FN:264,ModularVoterVault.votersAddresses
FNDA:6,ModularVoterVault.votersAddresses
DA:272,5
FNF:22
FNH:22
LF:67
LH:67
BRF:4
BRH:4
end_of_record
TN:
SF:src/Utils.sol
DA:62,2
FN:62,Utils.onlyRegistered
FNDA:2,Utils.onlyRegistered
DA:64,2
BRDA:64,0,0,-
DA:65,0
DA:73,6
FN:73,Utils.onlyValidId
FNDA:6,Utils.onlyValidId
DA:75,6
BRDA:75,1,0,1
DA:76,1
DA:85,8
FN:85,Utils._validateRange
FNDA:8,Utils._validateRange
DA:91,8
BRDA:91,2,0,2
DA:92,2
FNF:3
FNH:3
LF:9
LH:8
BRF:3
BRH:2
end_of_record
TN:
SF:src/VoteManager.sol
DA:20,79
FN:20,VoteManager._register
FNDA:79,VoteManager._register
DA:22,2
BRDA:22,0,0,2
DA:23,2
DA:28,77
DA:29,77
DA:33,77
DA:37,77
DA:40,77
DA:43,77
DA:48,4
FN:48,VoteManager._updateData
FNDA:4,VoteManager._updateData
DA:50,4
BRDA:50,1,0,2
DA:51,2
DA:55,2
DA:58,2
DA:62,4
FN:62,VoteManager._unregister
FNDA:4,VoteManager._unregister
DA:64,4
DA:68,4
DA:72,4
DA:73,2
BRDA:73,2,0,2
DA:74,2
DA:79,4
DA:82,4
DA:85,4
DA:88,4
DA:93,33
FN:93,VoteManager._vote
FNDA:33,VoteManager._vote
DA:95,2
BRDA:95,3,0,2
DA:96,2
DA:101,28
DA:105,28
DA:108,28
DA:113,10
FN:113,VoteManager._revokeVote
FNDA:10,VoteManager._revokeVote
DA:115,8
BRDA:115,4,0,2
DA:116,2
DA:121,6
DA:125,6
DA:128,6
DA:134,31
FN:134,VoteManager._create
FNDA:31,VoteManager._create
DA:137,31
DA:141,31
DA:144,31
DA:147,31
DA:152,2
FN:152,VoteManager._deleteProposal
FNDA:2,VoteManager._deleteProposal
DA:155,1
DA:159,1
DA:162,1
DA:165,1
DA:173,5
FN:173,VoteManager._registered
FNDA:5,VoteManager._registered
DA:175,5
BRDA:175,5,0,1
DA:176,1
DA:180,4
DA:183,3
BRDA:183,6,0,1
DA:184,1
DA:188,2
BRDA:188,7,0,1
DA:189,1
DA:193,2
DA:196,2
DA:197,6
DA:198,6
BRDA:198,8,0,6
DA:200,6
DA:206,2
DA:209,2
DA:212,2
DA:213,6
DA:214,6
BRDA:214,9,0,6
DA:215,6
DA:220,2
DA:228,5
FN:228,VoteManager._voters
FNDA:5,VoteManager._voters
DA:235,5
BRDA:235,10,0,1
DA:236,1
DA:240,4
DA:243,3
BRDA:243,11,0,1
DA:244,1
DA:248,2
BRDA:248,12,0,1
DA:249,1
DA:253,2
DA:256,2
DA:257,6
DA:258,6
BRDA:258,13,0,4
DA:260,4
DA:266,2
DA:269,2
DA:272,2
DA:273,6
DA:274,6
BRDA:274,14,0,4
DA:275,4
DA:280,2
FNF:9
FNH:9
LF:86
LH:86
BRF:15
BRH:15
end_of_record
TN:
SF:src/VoterVaultToken.sol
DA:26,3
FN:26,VoterVaultToken.burn
FNDA:3,VoterVaultToken.burn
DA:28,3
FNF:1
FNH:1
LF:2
LH:2
BRF:0
BRH:0
end_of_record
