TN:
SF:src/ModularQuoteVault.sol
DA:25,407
FN:25,ModularQuoteVault.register
FNDA:407,ModularQuoteVault.register
DA:33,386
DA:38,12
FN:38,ModularQuoteVault.updateMyFullName
FNDA:12,ModularQuoteVault.updateMyFullName
DA:40,9
DA:45,12
FN:45,ModularQuoteVault.updateMyAge
FNDA:12,ModularQuoteVault.updateMyAge
DA:47,12
DA:52,9
FN:52,ModularQuoteVault.updateMyGender
FNDA:9,ModularQuoteVault.updateMyGender
DA:54,9
DA:59,9
FN:59,ModularQuoteVault.updateMyEmail
FNDA:9,ModularQuoteVault.updateMyEmail
DA:61,9
DA:66,9
FN:66,ModularQuoteVault.updateMySkill
FNDA:9,ModularQuoteVault.updateMySkill
DA:68,9
DA:72,269
FN:72,ModularQuoteVault.deleteMyData
FNDA:269,ModularQuoteVault.deleteMyData
DA:74,269
DA:83,485
FN:83,ModularQuoteVault.storeQuote
FNDA:485,ModularQuoteVault.storeQuote
DA:91,467
DA:97,9
FN:97,ModularQuoteVault.updateQuoteAuthor
FNDA:9,ModularQuoteVault.updateQuoteAuthor
DA:99,9
DA:105,9
FN:105,ModularQuoteVault.updateQuoteDescription
FNDA:9,ModularQuoteVault.updateQuoteDescription
DA:111,9
DA:117,9
FN:117,ModularQuoteVault.updateQuoteCategory
FNDA:9,ModularQuoteVault.updateQuoteCategory
DA:123,9
DA:129,9
FN:129,ModularQuoteVault.updateQuoteSource
FNDA:9,ModularQuoteVault.updateQuoteSource
DA:131,9
DA:137,9
FN:137,ModularQuoteVault.updateQuoteNote
FNDA:9,ModularQuoteVault.updateQuoteNote
DA:143,9
DA:148,3
FN:148,ModularQuoteVault.deleteMyQuote
FNDA:3,ModularQuoteVault.deleteMyQuote
DA:150,3
DA:157,12
FN:157,ModularQuoteVault.getMyData
FNDA:12,ModularQuoteVault.getMyData
DA:158,6
DA:163,3
FN:163,ModularQuoteVault.getMySkill
FNDA:3,ModularQuoteVault.getMySkill
DA:164,3
DA:169,9
FN:169,ModularQuoteVault.getMyGender
FNDA:9,ModularQuoteVault.getMyGender
DA:171,9
DA:174,6
DA:177,3
DA:182,3
FN:182,ModularQuoteVault.checkMyRegistrationStatus
FNDA:3,ModularQuoteVault.checkMyRegistrationStatus
DA:183,3
DA:187,263
FN:187,ModularQuoteVault.checkIfRegistered
FNDA:263,ModularQuoteVault.checkIfRegistered
DA:188,263
DA:193,9
FN:193,ModularQuoteVault.getMyQuote
FNDA:9,ModularQuoteVault.getMyQuote
DA:201,6
DA:206,9
FN:206,ModularQuoteVault.getAllMyQuotes
FNDA:9,ModularQuoteVault.getAllMyQuotes
DA:213,9
DA:218,3
FN:218,ModularQuoteVault.getTotalRegisteredUsers
FNDA:3,ModularQuoteVault.getTotalRegisteredUsers
DA:219,3
DA:224,266
FN:224,ModularQuoteVault.getActiveUserCount
FNDA:266,ModularQuoteVault.getActiveUserCount
DA:226,266
DA:231,3
FN:231,ModularQuoteVault.getOwner
FNDA:3,ModularQuoteVault.getOwner
DA:233,3
DA:238,3
FN:238,ModularQuoteVault.getTotalQuotes
FNDA:3,ModularQuoteVault.getTotalQuotes
DA:240,3
DA:245,263
FN:245,ModularQuoteVault.getActiveQuoteCount
FNDA:263,ModularQuoteVault.getActiveQuoteCount
DA:247,263
DA:254,9
FN:254,ModularQuoteVault.deleteUserData
FNDA:9,ModularQuoteVault.deleteUserData
DA:256,6
DA:259,6
DA:262,6
DA:268,6
FN:268,ModularQuoteVault.deleteUserQuote
FNDA:6,ModularQuoteVault.deleteUserQuote
DA:276,3
DA:281,3
FN:281,ModularQuoteVault.getUserQuoteAtIndex
FNDA:3,ModularQuoteVault.getUserQuoteAtIndex
DA:290,3
DA:298,9
FN:298,ModularQuoteVault.getUserQuotes
FNDA:9,ModularQuoteVault.getUserQuotes
DA:307,9
DA:315,3
FN:315,ModularQuoteVault.getUserData
FNDA:3,ModularQuoteVault.getUserData
DA:323,3
DA:328,15
FN:328,ModularQuoteVault.getRegisteredUsersAddress
FNDA:15,ModularQuoteVault.getRegisteredUsersAddress
DA:335,15
FNF:32
FNH:32
LF:68
LH:68
BRF:0
BRH:0
end_of_record
TN:
SF:src/QuoteHub.sol
DA:25,467
FN:25,QuoteHub.addQuote
FNDA:467,QuoteHub.addQuote
DA:34,467
DA:38,467
DA:51,467
DA:55,467
DA:59,467
DA:65,9
FN:65,QuoteHub.updateAuthor
FNDA:9,QuoteHub.updateAuthor
DA:72,9
BRDA:72,0,0,3
DA:75,6
DA:78,6
BRDA:78,1,0,3
DA:79,3
DA:83,3
DA:86,3
DA:89,3
DA:95,9
FN:95,QuoteHub.updateDescription
FNDA:9,QuoteHub.updateDescription
DA:102,9
BRDA:102,2,0,3
DA:105,6
DA:108,6
BRDA:108,3,0,3
DA:109,3
DA:113,3
DA:116,3
DA:119,3
DA:125,9
FN:125,QuoteHub.updateCategory
FNDA:9,QuoteHub.updateCategory
DA:132,9
BRDA:132,4,0,3
DA:135,6
DA:138,6
BRDA:138,5,0,3
DA:139,3
DA:143,3
DA:146,3
DA:149,3
DA:155,9
FN:155,QuoteHub.updateSource
FNDA:9,QuoteHub.updateSource
DA:162,9
BRDA:162,6,0,3
DA:165,6
DA:168,6
BRDA:168,7,0,3
DA:169,3
DA:173,3
DA:176,3
DA:179,3
DA:185,9
FN:185,QuoteHub.updatePersonalNote
FNDA:9,QuoteHub.updatePersonalNote
DA:192,9
BRDA:192,8,0,3
DA:195,6
DA:198,6
BRDA:198,9,0,3
DA:199,3
DA:203,3
DA:206,3
DA:209,3
DA:214,3
FN:214,QuoteHub.deleteQuote
FNDA:3,QuoteHub.deleteQuote
DA:221,3
DA:224,3
DA:233,9
FN:233,QuoteHub.getMyQuotes
FNDA:9,QuoteHub.getMyQuotes
DA:240,9
DA:243,9
BRDA:243,10,0,3
DA:244,3
DA:248,6
DA:251,6
BRDA:251,11,0,3
DA:254,6
DA:257,6
DA:260,6
DA:264,6
DA:273,3
FN:273,QuoteHub.deleteUserQuoteAsOwner
FNDA:3,QuoteHub.deleteUserQuoteAsOwner
DA:281,3
DA:284,3
DA:291,3
FN:291,QuoteHub.getUserQuoteAtIndexAsOwner
FNDA:3,QuoteHub.getUserQuoteAtIndexAsOwner
DA:300,3
DA:308,9
FN:308,QuoteHub.getUserQuotesAsOwner
FNDA:9,QuoteHub.getUserQuotesAsOwner
DA:317,9
DA:320,9
BRDA:320,12,0,3
DA:321,3
DA:325,6
DA:328,6
BRDA:328,13,0,3
DA:331,6
DA:334,6
DA:337,6
DA:341,6
FNF:11
FNH:11
LF:74
LH:74
BRF:14
BRH:14
end_of_record
TN:
SF:src/Registry.sol
DA:28,386
FN:28,Registry.store
FNDA:386,Registry.store
DA:36,386
DA:47,386
DA:50,386
DA:54,386
DA:59,386
DA:63,386
DA:68,9
FN:68,Registry.updateFullName
FNDA:9,Registry.updateFullName
DA:70,9
BRDA:70,0,0,3
DA:73,6
BRDA:73,1,0,3
DA:74,3
DA:78,3
DA:81,3
DA:86,12
FN:86,Registry.updateAge
FNDA:12,Registry.updateAge
DA:88,12
BRDA:88,2,0,3
DA:91,9
BRDA:91,3,0,3
DA:94,6
BRDA:94,4,0,3
DA:95,3
DA:99,3
DA:102,3
DA:107,9
FN:107,Registry.updateGender
FNDA:9,Registry.updateGender
DA:109,9
BRDA:109,5,0,3
DA:110,3
DA:114,6
BRDA:114,6,0,3
DA:115,3
DA:119,3
DA:122,3
DA:127,9
FN:127,Registry.updateEmail
FNDA:9,Registry.updateEmail
DA:129,9
BRDA:129,7,0,3
DA:130,3
DA:133,6
BRDA:133,8,0,3
DA:134,3
DA:138,3
DA:141,3
DA:146,9
FN:146,Registry.updateSkill
FNDA:9,Registry.updateSkill
DA:148,9
BRDA:148,9,0,3
DA:149,3
DA:153,6
BRDA:153,10,0,3
DA:154,3
DA:158,3
DA:161,3
DA:165,269
FN:165,Registry.deleteData
FNDA:269,Registry.deleteData
DA:167,269
DA:170,269
DA:173,269
DA:181,3
FN:181,Registry.getUserDataAsOwner
FNDA:3,Registry.getUserDataAsOwner
DA:189,3
DA:194,15
FN:194,Registry.getUsersAddress
FNDA:15,Registry.getUsersAddress
DA:201,15
DA:204,15
BRDA:204,11,0,3
DA:205,3
DA:209,12
DA:212,12
BRDA:212,12,0,9
DA:215,12
DA:218,12
DA:221,12
DA:225,18
FNF:9
FNH:9
LF:57
LH:57
BRF:13
BRH:13
end_of_record
TN:
SF:src/Utils.sol
DA:243,302
FN:243,Utils.constructor
FNDA:302,Utils.constructor
DA:244,302
DA:247,302
DA:253,15
FN:253,Utils.onlyOwner
FNDA:15,Utils.onlyOwner
DA:254,15
BRDA:254,0,0,4
DA:259,8
FN:259,Utils.isActive
FNDA:8,Utils.isActive
DA:260,8
BRDA:260,1,0,1
DA:270,407
FN:270,Utils.validateUser
FNDA:407,Utils.validateUser
DA:278,407
BRDA:278,2,0,3
DA:279,3
DA:283,404
BRDA:283,3,0,3
DA:284,3
DA:288,401
BRDA:288,4,0,3
DA:289,3
DA:293,398
BRDA:293,5,0,3
DA:294,3
DA:298,395
BRDA:298,6,0,3
DA:299,3
DA:303,392
BRDA:303,7,0,3
DA:304,3
DA:315,482
FN:315,Utils.validateQuoteInput
FNDA:482,Utils.validateQuoteInput
DA:323,482
BRDA:323,8,0,3
DA:324,3
DA:328,479
BRDA:328,9,0,3
DA:329,3
DA:333,476
BRDA:333,10,0,3
DA:334,3
DA:338,473
BRDA:338,11,0,3
DA:339,3
DA:343,470
BRDA:343,12,0,3
DA:344,3
DA:352,9
FN:352,Utils.validateIndex
FNDA:9,Utils.validateIndex
DA:354,9
DA:357,9
BRDA:357,13,0,3
DA:362,3
FN:362,Utils.mustBeRegistered
FNDA:3,Utils.mustBeRegistered
DA:364,3
BRDA:364,14,0,-
DA:365,0
DA:371,6
FN:371,Utils.userMustBeRegistered
FNDA:6,Utils.userMustBeRegistered
DA:373,6
BRDA:373,15,0,-
DA:374,0
DA:380,389
FN:380,Utils.mustNotBeRegistered
FNDA:389,Utils.mustNotBeRegistered
DA:382,3
BRDA:382,16,0,3
DA:383,3
DA:391,275
FN:391,Utils._deleteUser
FNDA:275,Utils._deleteUser
DA:393,275
DA:396,275
DA:399,275
BRDA:399,17,0,6
DA:400,6
DA:401,6
DA:402,6
DA:406,275
DA:409,275
DA:412,275
DA:416,275
DA:423,6
FN:423,Utils._deleteQuote
FNDA:6,Utils._deleteQuote
DA:425,6
DA:428,6
DA:431,6
BRDA:431,18,0,3
DA:432,3
DA:436,6
DA:440,6
DA:446,275
FN:446,Utils._clearUserQuotes
FNDA:275,Utils._clearUserQuotes
DA:447,275
DA:449,275
BRDA:449,19,0,175
DA:451,175
DA:455,175
BRDA:455,20,0,175
BRDA:455,20,1,-
DA:456,175
DA:459,0
DA:469,2
FN:469,Utils.isContractActive
FNDA:2,Utils.isContractActive
DA:471,2
DA:477,3
FN:477,Utils.activateContract
FNDA:3,Utils.activateContract
DA:479,2
BRDA:479,21,0,1
DA:482,1
DA:485,1
DA:489,4
FN:489,Utils.deactivateContract
FNDA:4,Utils.deactivateContract
DA:491,4
BRDA:491,22,0,1
DA:494,3
DA:497,3
DA:502,4
FN:502,Utils.transferOwnership
FNDA:4,Utils.transferOwnership
DA:504,4
BRDA:504,23,0,2
DA:505,2
DA:509,2
BRDA:509,24,0,1
DA:510,1
DA:514,1
DA:517,1
DA:521,1
FN:521,Utils.renounceOwnership
FNDA:1,Utils.renounceOwnership
DA:523,1
DA:526,1
DA:532,6
FN:532,Utils.sendETH
FNDA:6,Utils.sendETH
DA:534,4
DA:537,4
BRDA:537,25,0,1
DA:540,3
BRDA:540,26,0,1
DA:543,2
DA:546,2
BRDA:546,27,0,1
DA:547,1
DA:551,1
DA:557,2
FN:557,Utils.receive
FNDA:2,Utils.receive
DA:559,2
DA:563,1
FN:563,Utils.fallback
FNDA:1,Utils.fallback
DA:565,1
FNF:20
FNH:20
LF:100
LH:97
BRF:29
BRH:26
end_of_record
TN:
SF:test/RejectETHTest.t.sol
DA:13,1
FN:13,RejectETHTest.receive
FNDA:1,RejectETHTest.receive
DA:14,1
FNF:1
FNH:1
LF:2
LH:2
BRF:0
BRH:0
end_of_record
