TN:
SF:script/DeployBasicKycV2.s.sol
DA:13,0
FN:13,DeployBasicKycV2.run
FNDA:0,DeployBasicKycV2.run
DA:14,0
DA:15,0
DA:16,0
FNF:1
FNH:0
LF:4
LH:0
BRF:0
BRH:0
end_of_record
TN:
SF:src/BasicKycV2.sol
DA:24,47
FN:24,BasicKycV2.constructor
FNDA:47,BasicKycV2.constructor
DA:26,47
BRDA:26,0,0,2
DA:27,2
DA:31,45
DA:34,45
DA:40,5
FN:40,BasicKycV2.onlyKingAndAdmin
FNDA:5,BasicKycV2.onlyKingAndAdmin
DA:41,5
BRDA:41,1,0,-
DA:42,0
DA:50,54
FN:50,BasicKycV2.registerMyData
FNDA:54,BasicKycV2.registerMyData
DA:52,54
DA:57,3
FN:57,BasicKycV2.updateMyData
FNDA:3,BasicKycV2.updateMyData
DA:59,2
DA:63,1
FN:63,BasicKycV2.unregisterMyData
FNDA:1,BasicKycV2.unregisterMyData
DA:65,1
DA:71,2
FN:71,BasicKycV2.myData
FNDA:2,BasicKycV2.myData
DA:72,2
DA:77,1
FN:77,BasicKycV2.myRegistrationStatus
FNDA:1,BasicKycV2.myRegistrationStatus
DA:78,1
DA:83,1
FN:83,BasicKycV2.myRegistrationTimestamp
FNDA:1,BasicKycV2.myRegistrationTimestamp
DA:84,1
DA:90,4
FN:90,BasicKycV2.userRegistrationStatus
FNDA:4,BasicKycV2.userRegistrationStatus
DA:91,4
DA:97,1
FN:97,BasicKycV2.userRegistrationTimestamp
FNDA:1,BasicKycV2.userRegistrationTimestamp
DA:98,1
DA:103,1
FN:103,BasicKycV2.myVerificationStatus
FNDA:1,BasicKycV2.myVerificationStatus
DA:104,1
DA:110,10
FN:110,BasicKycV2.userVerificationStatus
FNDA:10,BasicKycV2.userVerificationStatus
DA:111,10
DA:116,1
FN:116,BasicKycV2.myVerificationTimestamp
FNDA:1,BasicKycV2.myVerificationTimestamp
DA:117,1
DA:123,1
FN:123,BasicKycV2.userVerificationTimestamp
FNDA:1,BasicKycV2.userVerificationTimestamp
DA:124,1
DA:129,1
FN:129,BasicKycV2.myId
FNDA:1,BasicKycV2.myId
DA:130,1
DA:136,13
FN:136,BasicKycV2.userId
FNDA:13,BasicKycV2.userId
DA:137,13
DA:143,5
FN:143,BasicKycV2.assignAdmin
FNDA:5,BasicKycV2.assignAdmin
DA:145,4
BRDA:145,2,0,1
DA:146,1
DA:150,3
BRDA:150,3,0,2
DA:151,2
DA:155,1
DA:158,1
DA:164,17
FN:164,BasicKycV2.verifyUser
FNDA:17,BasicKycV2.verifyUser
DA:166,15
DA:171,2
FN:171,BasicKycV2.verifyManyUsers
FNDA:2,BasicKycV2.verifyManyUsers
DA:173,2
DA:176,2
DA:177,6
DA:180,6
DA:186,4
FN:186,BasicKycV2.unverifyUser
FNDA:4,BasicKycV2.unverifyUser
DA:188,3
DA:193,1
FN:193,BasicKycV2.unverifyManyUsers
FNDA:1,BasicKycV2.unverifyManyUsers
DA:195,1
DA:198,1
DA:199,3
DA:202,3
DA:210,1
FN:210,BasicKycV2.getUserData
FNDA:1,BasicKycV2.getUserData
DA:211,1
DA:218,5
FN:218,BasicKycV2.getRegisteredUsers
FNDA:5,BasicKycV2.getRegisteredUsers
DA:220,5
DA:227,5
FN:227,BasicKycV2.getVerifiedUsers
FNDA:5,BasicKycV2.getVerifiedUsers
DA:229,5
FNF:24
FNH:24
LF:63
LH:62
BRF:4
BRH:3
end_of_record
TN:
SF:src/KycManager.sol
DA:19,54
FN:19,KycManager.register
FNDA:54,KycManager.register
DA:21,1
BRDA:21,0,0,1
DA:22,1
DA:27,53
DA:28,53
DA:32,53
DA:42,53
DA:45,53
DA:48,53
DA:53,2
FN:53,KycManager.updateData
FNDA:2,KycManager.updateData
DA:55,2
BRDA:55,1,0,1
DA:56,1
DA:60,1
DA:63,1
DA:67,1
FN:67,KycManager.unregister
FNDA:1,KycManager.unregister
DA:69,1
DA:73,1
DA:74,1
BRDA:74,2,0,1
DA:75,1
DA:80,1
DA:83,1
DA:86,1
DA:89,1
DA:95,21
FN:95,KycManager.verify
FNDA:21,KycManager.verify
DA:97,21
DA:100,1
BRDA:100,3,0,1
DA:101,1
DA:106,20
DA:110,20
DA:113,20
DA:116,20
DA:121,6
FN:121,KycManager.unverify
FNDA:6,KycManager.unverify
DA:123,6
DA:126,6
BRDA:126,4,0,1
DA:127,1
DA:132,5
DA:136,5
DA:139,5
DA:147,5
FN:147,KycManager.registered
FNDA:5,KycManager.registered
DA:149,5
BRDA:149,5,0,1
DA:150,1
DA:158,4
BRDA:158,6,0,1
DA:159,1
DA:163,3
BRDA:163,7,0,1
DA:164,1
DA:168,2
BRDA:168,8,0,1
DA:169,1
DA:173,2
DA:176,2
DA:177,6
DA:178,6
BRDA:178,9,0,6
DA:180,6
DA:186,2
DA:189,2
DA:192,2
DA:193,6
DA:194,6
BRDA:194,10,0,6
DA:195,6
DA:200,2
DA:207,5
FN:207,KycManager.verified
FNDA:5,KycManager.verified
DA:209,5
BRDA:209,11,0,1
DA:210,1
DA:218,4
BRDA:218,12,0,1
DA:219,1
DA:223,3
BRDA:223,13,0,1
DA:224,1
DA:228,2
BRDA:228,14,0,1
DA:229,1
DA:233,2
DA:236,2
DA:237,4
DA:238,4
BRDA:238,15,0,4
DA:240,4
DA:246,2
DA:249,2
DA:252,2
DA:253,4
DA:254,4
BRDA:254,16,0,4
DA:255,4
DA:260,2
FNF:7
FNH:7
LF:80
LH:80
BRF:17
BRH:17
end_of_record
TN:
SF:src/Utils.sol
DA:72,17
FN:72,Utils.onlyRegistered
FNDA:17,Utils.onlyRegistered
DA:74,17
DA:77,17
BRDA:77,0,0,1
DA:78,1
FNF:1
FNH:1
LF:4
LH:4
BRF:1
BRH:1
end_of_record
