TN:
SF:src/TaskManager.sol
DA:27,12503
FN:27,TaskManager.addTask
FNDA:12503,TaskManager.addTask
DA:35,12503
DA:39,12503
DA:40,12503
DA:44,12503
DA:47,12503
DA:52,259
FN:52,TaskManager.updateTaskTitle
FNDA:259,TaskManager.updateTaskTitle
DA:58,259
BRDA:58,0,0,1
DA:59,1
DA:63,258
DA:66,258
DA:71,259
FN:71,TaskManager.updateTaskDescription
FNDA:259,TaskManager.updateTaskDescription
DA:77,259
BRDA:77,1,0,1
DA:78,1
DA:82,258
DA:85,258
DA:91,268
FN:91,TaskManager.updateTaskPriority
FNDA:268,TaskManager.updateTaskPriority
DA:97,268
BRDA:97,2,0,1
DA:98,1
DA:102,267
BRDA:102,3,0,1
DA:105,266
DA:108,266
DA:114,268
FN:114,TaskManager.updateTaskCategory
FNDA:268,TaskManager.updateTaskCategory
DA:120,268
BRDA:120,4,0,1
DA:121,1
DA:125,267
BRDA:125,5,0,1
DA:128,266
DA:131,266
DA:136,3
FN:136,TaskManager.markAsCompleted
FNDA:3,TaskManager.markAsCompleted
DA:138,3
BRDA:138,6,0,1
DA:139,1
DA:143,2
DA:146,2
DA:149,2
DA:154,3
FN:154,TaskManager.markAsCancelled
FNDA:3,TaskManager.markAsCancelled
DA:156,3
BRDA:156,7,0,1
DA:157,1
DA:161,2
DA:164,2
DA:167,2
DA:172,271
FN:172,TaskManager.rescheduleTask
FNDA:271,TaskManager.rescheduleTask
DA:179,271
DA:180,269
DA:181,3
BRDA:181,8,0,3
DA:182,3
DA:186,268
BRDA:186,9,0,1
DA:187,1
DA:191,267
DA:194,267
DA:197,267
DA:202,3
FN:202,TaskManager.recurTask
FNDA:3,TaskManager.recurTask
DA:204,3
BRDA:204,10,0,1
DA:205,1
DA:209,2
DA:212,2
DA:218,271
FN:218,TaskManager.deferTask
FNDA:271,TaskManager.deferTask
DA:225,271
DA:226,269
DA:227,3
BRDA:227,11,0,3
DA:228,3
DA:232,268
BRDA:232,12,0,1
DA:233,1
DA:237,267
DA:240,267
DA:243,267
DA:248,268
FN:248,TaskManager.deleteTask
FNDA:268,TaskManager.deleteTask
DA:250,268
DA:253,268
BRDA:253,13,0,187
DA:254,187
DA:258,268
DA:262,268
DA:266,268
DA:270,268
FN:270,TaskManager.deleteAllTasks
FNDA:268,TaskManager.deleteAllTasks
DA:272,268
DA:275,268
BRDA:275,14,0,1
BRDA:275,14,1,267
DA:276,1
DA:279,267
DA:283,267
BRDA:283,15,0,267
BRDA:283,15,1,-
DA:284,267
DA:287,0
DA:292,267
DA:299,1322
FN:299,TaskManager.getTaskAtIndex
FNDA:1322,TaskManager.getTaskAtIndex
DA:305,1322
DA:312,268
FN:312,TaskManager.getTasks
FNDA:268,TaskManager.getTasks
DA:314,268
DA:317,268
BRDA:317,16,0,1
DA:318,1
DA:322,267
DA:325,267
BRDA:325,17,0,266
DA:326,266
DA:330,267
DA:333,267
DA:336,267
DA:338,5
DA:344,5
FN:344,TaskManager.getTaskStatus
FNDA:5,TaskManager.getTaskStatus
DA:351,5
DA:354,5
DA:359,1
FN:359,TaskManager.getTaskPriority
FNDA:1,TaskManager.getTaskPriority
DA:366,1
DA:369,1
DA:374,1
FN:374,TaskManager.getTaskCategory
FNDA:1,TaskManager.getTaskCategory
DA:381,1
DA:384,1
FNF:17
FNH:17
LF:103
LH:102
BRF:20
BRH:19
end_of_record
TN:
SF:src/ToDoListPlus.sol
DA:26,12505
FN:26,ToDoListPlus.addMyTask
FNDA:12505,ToDoListPlus.addMyTask
DA:34,12503
DA:39,259
FN:39,ToDoListPlus.updateMyTaskTitle
FNDA:259,ToDoListPlus.updateMyTaskTitle
DA:45,259
DA:50,259
FN:50,ToDoListPlus.updateMyTaskDescription
FNDA:259,ToDoListPlus.updateMyTaskDescription
DA:56,259
DA:62,268
FN:62,ToDoListPlus.updateMyTaskPriority
FNDA:268,ToDoListPlus.updateMyTaskPriority
DA:68,268
DA:74,268
FN:74,ToDoListPlus.updateMyTaskCategory
FNDA:268,ToDoListPlus.updateMyTaskCategory
DA:80,268
DA:85,3
FN:85,ToDoListPlus.markMyTaskAsCompleted
FNDA:3,ToDoListPlus.markMyTaskAsCompleted
DA:87,3
DA:92,3
FN:92,ToDoListPlus.markMyTaskAsCancelled
FNDA:3,ToDoListPlus.markMyTaskAsCancelled
DA:94,3
DA:99,271
FN:99,ToDoListPlus.rescheduleMyTask
FNDA:271,ToDoListPlus.rescheduleMyTask
DA:105,271
DA:110,3
FN:110,ToDoListPlus.recurMyTask
FNDA:3,ToDoListPlus.recurMyTask
DA:112,3
DA:118,271
FN:118,ToDoListPlus.deferMyTask
FNDA:271,ToDoListPlus.deferMyTask
DA:124,271
DA:129,268
FN:129,ToDoListPlus.deleteMyTask
FNDA:268,ToDoListPlus.deleteMyTask
DA:131,268
DA:135,268
FN:135,ToDoListPlus.deleteAllMyTasks
FNDA:268,ToDoListPlus.deleteAllMyTasks
DA:137,268
DA:144,1323
FN:144,ToDoListPlus.getMyTaskAtIndex
FNDA:1323,ToDoListPlus.getMyTaskAtIndex
DA:151,1322
DA:158,268
FN:158,ToDoListPlus.getMyTasks
FNDA:268,ToDoListPlus.getMyTasks
DA:160,268
DA:165,5
FN:165,ToDoListPlus.getMyTaskStatus
FNDA:5,ToDoListPlus.getMyTaskStatus
DA:172,5
DA:177,1
FN:177,ToDoListPlus.getMyTaskPriority
FNDA:1,ToDoListPlus.getMyTaskPriority
DA:184,1
DA:189,1
FN:189,ToDoListPlus.getMyTaskCategory
FNDA:1,ToDoListPlus.getMyTaskCategory
DA:196,1
DA:201,1
FN:201,ToDoListPlus.getMyTaskCount
FNDA:1,ToDoListPlus.getMyTaskCount
DA:203,1
DA:206,1
DA:211,1
FN:211,ToDoListPlus.getTotalTasks
FNDA:1,ToDoListPlus.getTotalTasks
DA:212,1
DA:217,270
FN:217,ToDoListPlus.getExistingTasks
FNDA:270,ToDoListPlus.getExistingTasks
DA:218,270
DA:223,1
FN:223,ToDoListPlus.getOwner
FNDA:1,ToDoListPlus.getOwner
DA:224,1
DA:229,1
FN:229,ToDoListPlus.isContractActive
FNDA:1,ToDoListPlus.isContractActive
DA:231,1
FNF:22
FNH:22
LF:45
LH:45
BRF:0
BRH:0
end_of_record
TN:
SF:src/Utils.sol
DA:178,116
FN:178,Utils.constructor
FNDA:116,Utils.constructor
DA:179,116
DA:182,116
DA:188,2
FN:188,Utils.onlyOwner
FNDA:2,Utils.onlyOwner
DA:190,2
BRDA:190,0,0,-
DA:191,0
DA:197,270
FN:197,Utils.isActive
FNDA:270,Utils.isActive
DA:198,270
BRDA:198,1,0,1
DA:199,1
DA:205,12505
FN:205,Utils.validateInput
FNDA:12505,Utils.validateInput
DA:213,1
BRDA:213,2,0,1
DA:216,1
BRDA:216,3,0,1
DA:220,12498
BRDA:220,4,0,-
DA:221,0
DA:225,12498
BRDA:225,5,0,-
DA:226,0
DA:231,12498
DA:232,12498
DA:233,0
BRDA:233,6,0,-
DA:234,0
DA:239,268
FN:239,Utils.validateIndex
FNDA:268,Utils.validateIndex
DA:242,268
BRDA:242,7,0,-
DA:243,0
DA:256,12503
FN:256,Utils._buildTask
FNDA:12503,Utils._buildTask
DA:264,12503
DA:265,12503
DA:266,12503
DA:267,12503
DA:268,12503
DA:269,12503
DA:270,12503
DA:271,12503
DA:272,12503
DA:273,12503
DA:289,3
FN:289,Utils.activateContract
FNDA:3,Utils.activateContract
DA:291,2
BRDA:291,8,0,1
DA:294,1
DA:297,1
DA:301,4
FN:301,Utils.deactivateContract
FNDA:4,Utils.deactivateContract
DA:303,4
BRDA:303,9,0,1
DA:306,3
DA:309,3
DA:314,4
FN:314,Utils.transferOwnership
FNDA:4,Utils.transferOwnership
DA:316,4
BRDA:316,10,0,2
DA:317,2
DA:321,2
BRDA:321,11,0,1
DA:322,1
DA:326,1
DA:329,1
DA:333,2
FN:333,Utils.renounceOwnership
FNDA:2,Utils.renounceOwnership
DA:335,1
DA:338,1
DA:344,1
FN:344,Utils.receive
FNDA:1,Utils.receive
DA:345,1
DA:349,1
FN:349,Utils.fallback
FNDA:1,Utils.fallback
DA:350,1
FNF:12
FNH:12
LF:56
LH:50
BRF:12
BRH:7
end_of_record
TN:
SF:test/UnitTest/BaseTest.t.sol
DA:44,791
FN:44,BaseTest.writeUser1TaskZero
FNDA:791,BaseTest.writeUser1TaskZero
DA:46,791
DA:49,791
DA:50,791
DA:51,791
DA:52,791
DA:63,266
FN:63,BaseTest.writeUser1TaskOne
FNDA:266,BaseTest.writeUser1TaskOne
DA:65,266
DA:68,266
DA:69,266
DA:70,266
DA:71,266
DA:82,266
FN:82,BaseTest.writeUser1TaskTwo
FNDA:266,BaseTest.writeUser1TaskTwo
DA:84,266
DA:87,266
DA:88,266
DA:89,266
DA:90,266
DA:101,1
FN:101,BaseTest.readUser1Task
FNDA:1,BaseTest.readUser1Task
DA:102,1
DA:103,1
DA:106,1
DA:107,1
DA:108,1
DA:109,1
DA:110,1
DA:116,58
FN:116,BaseTest.setUp
FNDA:58,BaseTest.setUp
DA:118,58
DA:121,58
DA:124,58
DA:125,58
DA:126,58
DA:129,58
DA:132,58
FNF:5
FNH:5
LF:34
LH:34
BRF:0
BRH:0
end_of_record
