TN:
SF:src/FlexiWhitelist.sol
DA:23,66
FN:23,FlexiWhitelist.constructor
FNDA:66,FlexiWhitelist.constructor
DA:25,66
DA:28,66
DA:33,821
FN:33,FlexiWhitelist.registerForWhitelist
FNDA:821,FlexiWhitelist.registerForWhitelist
DA:35,816
DA:39,271
FN:39,FlexiWhitelist.unregisterForWhitelist
FNDA:271,FlexiWhitelist.unregisterForWhitelist
DA:41,267
DA:45,12
FN:45,FlexiWhitelist.withdrawMistakenETH
FNDA:12,FlexiWhitelist.withdrawMistakenETH
DA:47,12
DA:54,9
FN:54,FlexiWhitelist.checkMyRegistrationStatus
FNDA:9,FlexiWhitelist.checkMyRegistrationStatus
DA:56,9
DA:61,1
FN:61,FlexiWhitelist.checkMyWhitelistStatus
FNDA:1,FlexiWhitelist.checkMyWhitelistStatus
DA:63,1
DA:68,3
FN:68,FlexiWhitelist.checkIfWhitelisted
FNDA:3,FlexiWhitelist.checkIfWhitelisted
DA:70,3
DA:75,1
FN:75,FlexiWhitelist.checkMyBalance
FNDA:1,FlexiWhitelist.checkMyBalance
DA:77,1
DA:82,1
FN:82,FlexiWhitelist.checkContractBalance
FNDA:1,FlexiWhitelist.checkContractBalance
DA:84,1
DA:89,1
FN:89,FlexiWhitelist.isContractActive
FNDA:1,FlexiWhitelist.isContractActive
DA:91,1
DA:96,1
FN:96,FlexiWhitelist.getExistingUsersCount
FNDA:1,FlexiWhitelist.getExistingUsersCount
DA:98,1
DA:103,1
FN:103,FlexiWhitelist.getLifetimeUsers
FNDA:1,FlexiWhitelist.getLifetimeUsers
DA:105,1
DA:112,264
FN:112,FlexiWhitelist.whitelistUserAddress
FNDA:264,FlexiWhitelist.whitelistUserAddress
DA:114,264
DA:119,3
FN:119,FlexiWhitelist.revokeUserWhitelist
FNDA:3,FlexiWhitelist.revokeUserWhitelist
DA:121,3
DA:125,2
FN:125,FlexiWhitelist.activateContract
FNDA:2,FlexiWhitelist.activateContract
DA:127,2
DA:131,8
FN:131,FlexiWhitelist.pauseContract
FNDA:8,FlexiWhitelist.pauseContract
DA:133,8
DA:142,259
FN:142,FlexiWhitelist.getRegisteredUsers
FNDA:259,FlexiWhitelist.getRegisteredUsers
DA:149,259
DA:156,260
FN:156,FlexiWhitelist.getWhitelistedUsers
FNDA:260,FlexiWhitelist.getWhitelistedUsers
DA:163,260
FNF:18
FNH:18
LF:37
LH:37
BRF:0
BRH:0
end_of_record
TN:
SF:src/Utils.sol
DA:107,271
FN:107,Utils.isActive
FNDA:271,Utils.isActive
DA:109,271
BRDA:109,0,0,-
DA:110,0
DA:118,271
FN:118,Utils.onlyRegistered
FNDA:271,Utils.onlyRegistered
DA:120,271
BRDA:120,1,0,4
DA:121,4
DA:130,1081
FN:130,Utils._setNotWhitelisted
FNDA:1081,Utils._setNotWhitelisted
DA:132,1081
DA:137,11
FN:137,Utils._depositETH
FNDA:11,Utils._depositETH
DA:139,11
BRDA:139,2,0,1
DA:140,1
DA:143,10
DA:146,10
DA:152,2
FN:152,Utils.activate
FNDA:2,Utils.activate
DA:154,2
BRDA:154,3,0,1
DA:155,1
DA:159,1
DA:162,1
DA:166,8
FN:166,Utils.pause
FNDA:8,Utils.pause
DA:168,8
BRDA:168,4,0,1
DA:169,1
DA:173,7
DA:176,7
DA:182,10
FN:182,Utils.receive
FNDA:10,Utils.receive
DA:184,10
DA:188,1
FN:188,Utils.fallback
FNDA:1,Utils.fallback
DA:190,1
FNF:8
FNH:8
LF:27
LH:26
BRF:5
BRH:4
end_of_record
TN:
SF:src/WhitelistManager.sol
DA:21,816
FN:21,WhitelistManager.register
FNDA:816,WhitelistManager.register
DA:23,4
BRDA:23,0,0,4
DA:24,4
DA:30,812
DA:31,812
DA:35,812
DA:38,812
DA:41,812
DA:44,812
DA:47,812
DA:50,812
DA:54,267
FN:54,WhitelistManager.unregister
FNDA:267,WhitelistManager.unregister
DA:56,267
DA:59,267
DA:62,267
BRDA:62,1,0,4
DA:64,4
DA:65,4
DA:66,4
DA:70,267
DA:73,267
DA:77,267
DA:81,267
DA:84,267
DA:87,267
DA:91,12
FN:91,WhitelistManager.claimFunds
FNDA:12,WhitelistManager.claimFunds
DA:93,12
DA:96,12
BRDA:96,2,0,4
DA:97,4
DA:101,8
DA:104,8
DA:105,8
BRDA:105,3,0,4
DA:106,4
DA:110,4
DA:117,264
FN:117,WhitelistManager.whitelistUser
FNDA:264,WhitelistManager.whitelistUser
DA:119,264
BRDA:119,4,0,1
DA:120,1
DA:124,263
DA:127,263
DA:132,3
FN:132,WhitelistManager.revoke
FNDA:3,WhitelistManager.revoke
DA:134,3
BRDA:134,5,0,1
DA:135,1
DA:139,2
DA:142,2
DA:150,259
FN:150,WhitelistManager.getRegistered
FNDA:259,WhitelistManager.getRegistered
DA:152,259
DA:155,259
BRDA:155,6,0,1
DA:156,1
DA:160,258
DA:163,258
BRDA:163,7,0,257
DA:164,257
DA:168,258
DA:171,258
DA:174,258
DA:177,258
DA:179,259
DA:187,260
FN:187,WhitelistManager.getWhitelisted
FNDA:260,WhitelistManager.getWhitelisted
DA:194,260
DA:197,260
BRDA:197,8,0,1
DA:198,1
DA:202,259
BRDA:202,9,0,1
DA:203,1
DA:207,258
DA:210,258
BRDA:210,10,0,257
DA:211,257
DA:215,258
DA:218,258
DA:219,258
BRDA:219,11,0,258
DA:221,258
DA:226,258
DA:229,258
DA:232,258
DA:233,258
DA:234,258
BRDA:234,12,0,258
DA:235,258
DA:237,258
FNF:7
FNH:7
LF:75
LH:75
BRF:13
BRH:13
end_of_record
TN:
SF:test/UnitTest/RejectETHTest.t.sol
DA:10,4
FN:10,RejectETHTest.receive
FNDA:4,RejectETHTest.receive
DA:11,4
FNF:1
FNH:1
LF:2
LH:2
BRF:0
BRH:0
end_of_record
